<?xml version="1.0" encoding="UTF-8"?>
<!-- Generated by org.testng.reporters.JUnitReportReporter -->
<testsuite hostname="pavanpc" failures="0" tests="2" name="Com.TestngFirstDemo.TestNgSecondDemo" time="0.007" errors="0" timestamp="2022-04-20T16:22:35 IST" skipped="0">
  <testcase classname="Com.TestngFirstDemo.TestNgSecondDemo" name="m3" time="0.003"/>
  <system-out/>
  <testcase classname="Com.TestngFirstDemo.TestNgSecondDemo" name="m2" time="0.004"/>
  <system-out/>
</testsuite> <!-- Com.TestngFirstDemo.TestNgSecondDemo -->
