<?xml version="1.0" encoding="UTF-8"?>
<!-- Generated by org.testng.reporters.JUnitReportReporter -->
<testsuite hostname="pavanpc" failures="0" tests="2" name="Com.TestngFirstDemo.TestngThirdDemo" time="0.005" errors="0" timestamp="2022-04-20T16:22:34 IST" skipped="0">
  <testcase classname="Com.TestngFirstDemo.TestngThirdDemo" name="tdemo4" time="0.004"/>
  <system-out/>
  <testcase classname="Com.TestngFirstDemo.TestngThirdDemo" name="tdemo2" time="0.001"/>
  <system-out/>
</testsuite> <!-- Com.TestngFirstDemo.TestngThirdDemo -->
