<?xml version="1.0" encoding="UTF-8"?>
<!-- Generated by org.testng.reporters.JUnitReportReporter -->
<testsuite hostname="pavanpc" failures="0" tests="1" name="Com.TestNgXmlDemo.NewTestXmlFile" time="0.017" errors="0" timestamp="2022-04-19T12:22:38 IST" skipped="0">
  <testcase classname="Com.TestNgXmlDemo.NewTestXmlFile" name="fm" time="0.017"/>
  <system-out/>
</testsuite> <!-- Com.TestNgXmlDemo.NewTestXmlFile -->
