<?xml version="1.0" encoding="UTF-8"?>
<!-- Generated by org.testng.reporters.JUnitReportReporter -->
<testsuite hostname="pavanpc" failures="0" tests="4" name="Com.TestngFirstDemo.TestNgFirstDemo" time="0.012" errors="0" timestamp="2022-04-20T16:22:34 IST" skipped="1">
  <testcase classname="Com.TestngFirstDemo.TestNgFirstDemo" name="m1" time="0.002"/>
  <system-out/>
  <testcase classname="Com.TestngFirstDemo.TestNgFirstDemo" name="m1" time="0.009"/>
  <system-out/>
  <testcase classname="Com.TestngFirstDemo.TestNgFirstDemo" name="firstTest" time="0.001"/>
  <system-out/>
  <testcase classname="Com.TestngFirstDemo.TestNgFirstDemo" name="m2">
    <skipped/>
  </testcase> <!-- m2 -->
  <system-out/>
</testsuite> <!-- Com.TestngFirstDemo.TestNgFirstDemo -->
