<?xml version="1.0" encoding="UTF-8"?>
<!-- Generated by org.testng.reporters.JUnitReportReporter -->
<testsuite hostname="pavanpc" failures="0" tests="9" name="Com.DataProviderInTestNg.DataProviderSeconfClass" time="0.021" errors="0" timestamp="2022-04-23T19:26:54 IST" skipped="0">
  <testcase classname="Com.DataProviderInTestNg.DataProviderSeconfClass" name="readdata" time="0.001"/>
  <system-out/>
  <testcase classname="Com.DataProviderInTestNg.DataProviderSeconfClass" name="readdata" time="0.008"/>
  <system-out/>
  <testcase classname="Com.DataProviderInTestNg.DataProviderSeconfClass" name="readdata" time="0.002"/>
  <system-out/>
  <testcase classname="Com.DataProviderInTestNg.DataProviderSeconfClass" name="readdata" time="0.002"/>
  <system-out/>
  <testcase classname="Com.DataProviderInTestNg.DataProviderSeconfClass" name="readdata" time="0.002"/>
  <system-out/>
  <testcase classname="Com.DataProviderInTestNg.DataProviderSeconfClass" name="readdata" time="0.002"/>
  <system-out/>
  <testcase classname="Com.DataProviderInTestNg.DataProviderSeconfClass" name="readdata" time="0.002"/>
  <system-out/>
  <testcase classname="Com.DataProviderInTestNg.DataProviderSeconfClass" name="readdata" time="0.001"/>
  <system-out/>
  <testcase classname="Com.DataProviderInTestNg.DataProviderSeconfClass" name="readdata" time="0.001"/>
  <system-out/>
</testsuite> <!-- Com.DataProviderInTestNg.DataProviderSeconfClass -->
